Test Summary
----------------------------------------
Date: Wed Mar 19 18:59:25 CET 2025
Total tests: 16
Passed tests: 1
Failed tests: 15
Skipped tests: 0

Test Results
----------------------------------------
✗ FAILED: test_jwt_auth.sh
✗ FAILED: test_network_disruption.sh
✗ FAILED: test_node_resilience.sh
✗ FAILED: test_geth_client.sh
✗ FAILED: test_client_compatibility.sh
✗ FAILED: test_config_validation.sh
✗ FAILED: test_genesis_validator_setup.sh
✗ FAILED: test_validator_lifecycle.sh
✗ FAILED: test_client_performance.sh
✗ FAILED: test_sync_performance.sh
✗ FAILED: test_ephemery_reset_handler.sh
✗ FAILED: test_reset_mechanism.sh
✗ FAILED: test_reset_recovery.sh
✗ FAILED: test_template.sh
✗ FAILED: test_fix_validator_passwords.sh
✗ FAILED: test_version_check.sh
